<?xml version="1.0" encoding="UTF-8"?>
<!-- Generated by org.testng.reporters.JUnitXMLReporter -->
<testsuite ignored="6" hostname="Waleeds-MacBook-Pro.local" failures="1" tests="1" name="Default test" time="31.038" errors="0" timestamp="2025-11-15T00:04:36 EET">
  <testcase classname="com.swanglabs.app.tests.LoginTest" name="problemUserTest" time="21.124">
    <failure type="java.lang.AssertionError" message="Expected exact text &amp;apos;Sauce Labs Backpack&amp;apos; but was &amp;apos;Sauce Labs Bike Light&amp;apos; expected [Sauce Labs Bike Light] but found [Sauce Labs Backpack]">
      <![CDATA[java.lang.AssertionError: Expected exact text 'Sauce Labs Backpack' but was 'Sauce Labs Bike Light' expected [Sauce Labs Bike Light] but found [Sauce Labs Backpack]
at org.testng.Assert.fail(Assert.java:111)
at org.testng.Assert.failNotEquals(Assert.java:1590)
at org.testng.Assert.assertEqualsImpl(Assert.java:150)
at org.testng.Assert.assertEquals(Assert.java:132)
at org.testng.Assert.assertEquals(Assert.java:656)
at com.swanglabs.app.tests.LoginTest.problemUserTest(LoginTest.java:198)
at java.base/jdk.internal.reflect.NativeMethodAccessorImpl.invoke0(Native Method)
at java.base/jdk.internal.reflect.NativeMethodAccessorImpl.invoke(NativeMethodAccessorImpl.java:77)
at java.base/jdk.internal.reflect.DelegatingMethodAccessorImpl.invoke(DelegatingMethodAccessorImpl.java:43)
at java.base/java.lang.reflect.Method.invoke(Method.java:569)
at org.testng.internal.invokers.MethodInvocationHelper.invokeMethod(MethodInvocationHelper.java:141)
at org.testng.internal.invokers.TestInvoker.invokeMethod(TestInvoker.java:687)
at org.testng.internal.invokers.TestInvoker.invokeTestMethod(TestInvoker.java:230)
at org.testng.internal.invokers.MethodRunner.runInSequence(MethodRunner.java:63)
at org.testng.internal.invokers.TestInvoker$MethodInvocationAgent.invoke(TestInvoker.java:995)
at org.testng.internal.invokers.TestInvoker.invokeTestMethods(TestInvoker.java:203)
at org.testng.internal.invokers.TestMethodWorker.invokeTestMethods(TestMethodWorker.java:154)
at org.testng.internal.invokers.TestMethodWorker.run(TestMethodWorker.java:134)
at java.base/java.util.ArrayList.forEach(ArrayList.java:1511)
at org.testng.TestRunner.privateRun(TestRunner.java:741)
at org.testng.TestRunner.run(TestRunner.java:616)
at org.testng.SuiteRunner.runTest(SuiteRunner.java:421)
at org.testng.SuiteRunner.runSequentially(SuiteRunner.java:413)
at org.testng.SuiteRunner.privateRun(SuiteRunner.java:373)
at org.testng.SuiteRunner.run(SuiteRunner.java:312)
at org.testng.SuiteRunnerWorker.runSuite(SuiteRunnerWorker.java:52)
at org.testng.SuiteRunnerWorker.run(SuiteRunnerWorker.java:95)
at org.testng.TestNG.runSuitesSequentially(TestNG.java:1274)
at org.testng.TestNG.runSuitesLocally(TestNG.java:1208)
at org.testng.TestNG.runSuites(TestNG.java:1112)
at org.testng.TestNG.run(TestNG.java:1079)
at org.testng.remote.AbstractRemoteTestNG.run(AbstractRemoteTestNG.java:115)
at org.testng.remote.RemoteTestNG.initAndRun(RemoteTestNG.java:293)
at org.testng.remote.RemoteTestNG.main(RemoteTestNG.java:91)
]]>
    </failure>
  </testcase> <!-- problemUserTest -->
  <testcase classname="com.swanglabs.app.tests.LoginTest" name="testLogOut" time="0.0">
    <ignored/>
  </testcase> <!-- testLogOut -->
  <testcase classname="com.swanglabs.app.tests.LoginTest" name="validLoginWorks" time="0.0">
    <ignored/>
  </testcase> <!-- validLoginWorks -->
  <testcase classname="com.swanglabs.app.tests.LoginTest" name="drawerOpensAndHasExpectedItems" time="0.0">
    <ignored/>
  </testcase> <!-- drawerOpensAndHasExpectedItems -->
  <testcase classname="com.swanglabs.app.tests.LoginTest" name="lockedOutUserShowsError" time="0.0">
    <ignored/>
  </testcase> <!-- lockedOutUserShowsError -->
  <testcase classname="com.swanglabs.app.tests.LoginTest" name="drawer_close_button_closes_drawer" time="0.0">
    <ignored/>
  </testcase> <!-- drawer_close_button_closes_drawer -->
  <testcase classname="com.swanglabs.app.tests.LoginTest" name="product_title_and_price_match_between_list_and_details" time="0.0">
    <ignored/>
  </testcase> <!-- product_title_and_price_match_between_list_and_details -->
</testsuite> <!-- Default test -->
