<?xml version="1.0" encoding="UTF-8"?>
<testng-results ignored="0" total="12" passed="11" failed="1" skipped="0">
  <reporter-output>
  </reporter-output>
  <suite started-at="2025-11-17T22:59:54 EET" name="Default suite" finished-at="2025-11-17T23:01:17 EET" duration-ms="82938">
    <groups>
    </groups>
    <test started-at="2025-11-17T22:59:54 EET" name="Default test" finished-at="2025-11-17T23:01:17 EET" duration-ms="82938">
      <class name="com.swanglabs.app.tests.CheckoutWorkflow">
        <test-method is-config="true" signature="setUp()[pri:0, instance:com.swanglabs.app.tests.CheckoutWorkflow@5ffead27]" started-at="2025-11-17T22:59:54 EET" name="setUp" finished-at="2025-11-17T23:00:05 EET" duration-ms="10394" status="PASS">
          <reporter-output>
          </reporter-output>
        </test-method> <!-- setUp -->
        <test-method signature="testInvalidLogin()[pri:1, instance:com.swanglabs.app.tests.CheckoutWorkflow@5ffead27]" started-at="2025-11-17T23:00:05 EET" name="testInvalidLogin" finished-at="2025-11-17T23:00:12 EET" duration-ms="7074" status="PASS">
          <reporter-output>
          </reporter-output>
        </test-method> <!-- testInvalidLogin -->
        <test-method signature="testValidLogin()[pri:2, instance:com.swanglabs.app.tests.CheckoutWorkflow@5ffead27]" started-at="2025-11-17T23:00:12 EET" name="testValidLogin" finished-at="2025-11-17T23:00:18 EET" duration-ms="6393" status="PASS">
          <reporter-output>
          </reporter-output>
        </test-method> <!-- testValidLogin -->
        <test-method signature="testAddOneItemToCart()[pri:3, instance:com.swanglabs.app.tests.CheckoutWorkflow@5ffead27]" started-at="2025-11-17T23:00:18 EET" name="testAddOneItemToCart" finished-at="2025-11-17T23:00:23 EET" duration-ms="4724" status="PASS">
          <reporter-output>
          </reporter-output>
        </test-method> <!-- testAddOneItemToCart -->
        <test-method signature="addMultipleItemsToCart()[pri:4, instance:com.swanglabs.app.tests.CheckoutWorkflow@5ffead27]" started-at="2025-11-17T23:00:23 EET" name="addMultipleItemsToCart" finished-at="2025-11-17T23:00:27 EET" duration-ms="4191" status="PASS">
          <reporter-output>
          </reporter-output>
        </test-method> <!-- addMultipleItemsToCart -->
        <test-method signature="removeItemFromCart()[pri:5, instance:com.swanglabs.app.tests.CheckoutWorkflow@5ffead27]" started-at="2025-11-17T23:00:27 EET" name="removeItemFromCart" finished-at="2025-11-17T23:00:30 EET" duration-ms="2783" status="PASS">
          <reporter-output>
          </reporter-output>
        </test-method> <!-- removeItemFromCart -->
        <test-method signature="checkoutInfoEmpty()[pri:6, instance:com.swanglabs.app.tests.CheckoutWorkflow@5ffead27]" started-at="2025-11-17T23:00:30 EET" name="checkoutInfoEmpty" finished-at="2025-11-17T23:00:33 EET" duration-ms="2819" status="PASS">
          <reporter-output>
          </reporter-output>
        </test-method> <!-- checkoutInfoEmpty -->
        <test-method signature="checkoutMissLastname()[pri:7, instance:com.swanglabs.app.tests.CheckoutWorkflow@5ffead27]" started-at="2025-11-17T23:00:33 EET" name="checkoutMissLastname" finished-at="2025-11-17T23:00:42 EET" duration-ms="9367" status="PASS">
          <reporter-output>
          </reporter-output>
        </test-method> <!-- checkoutMissLastname -->
        <test-method signature="checkoutMissZipcode()[pri:8, instance:com.swanglabs.app.tests.CheckoutWorkflow@5ffead27]" started-at="2025-11-17T23:00:42 EET" name="checkoutMissZipcode" finished-at="2025-11-17T23:00:52 EET" duration-ms="9589" status="PASS">
          <reporter-output>
          </reporter-output>
        </test-method> <!-- checkoutMissZipcode -->
        <test-method signature="checkoutSuccess()[pri:9, instance:com.swanglabs.app.tests.CheckoutWorkflow@5ffead27]" started-at="2025-11-17T23:00:52 EET" name="checkoutSuccess" finished-at="2025-11-17T23:01:01 EET" duration-ms="9176" status="PASS">
          <reporter-output>
          </reporter-output>
        </test-method> <!-- checkoutSuccess -->
        <test-method signature="getOrder()[pri:10, instance:com.swanglabs.app.tests.CheckoutWorkflow@5ffead27]" started-at="2025-11-17T23:01:01 EET" name="getOrder" finished-at="2025-11-17T23:01:14 EET" duration-ms="12744" status="FAIL">
          <exception class="org.openqa.selenium.TimeoutException">
            <message>
              <![CDATA[Expected condition failed: waiting for visibility of element located by By.xpath: (//android.widget.TextView[contains(@text,'$')])[4] (tried for 10 second(s) with 500 milliseconds interval)
Build info: version: '4.25.0', revision: '8a8aea2337'
System info: os.name: 'Mac OS X', os.arch: 'aarch64', os.version: '26.1', java.version: '17.0.16'
Driver info: io.appium.java_client.android.AndroidDriver
Capabilities {appium:appActivity: com.swaglabsmobileapp.MainA..., appium:appPackage: com.swaglabsmobileapp, appium:automationName: UiAutomator2, appium:databaseEnabled: false, appium:desired: {appActivity: com.swaglabsmobileapp.MainA..., appPackage: com.swaglabsmobileapp, automationName: UiAutomator2, deviceName: emulator-5554, noReset: false, platformName: ANDROID}, appium:deviceApiLevel: 34, appium:deviceManufacturer: Google, appium:deviceModel: sdk_gphone64_arm64, appium:deviceName: emulator-5554, appium:deviceScreenDensity: 440, appium:deviceScreenSize: 1080x2220, appium:deviceUDID: emulator-5554, appium:javascriptEnabled: true, appium:locationContextEnabled: false, appium:networkConnectionEnabled: true, appium:noReset: false, appium:pixelRatio: 2.75, appium:platformVersion: 14, appium:statBarHeight: 66, appium:takesScreenshot: true, appium:viewportRect: {height: 2154, left: 0, top: 66, width: 1080}, appium:warnings: {}, appium:webStorageEnabled: false, platformName: ANDROID}
Session ID: af88d209-7f97-4467-a614-ace57e5eb9ba]]>
            </message>
            <full-stacktrace>
              <![CDATA[org.openqa.selenium.TimeoutException: Expected condition failed: waiting for visibility of element located by By.xpath: (//android.widget.TextView[contains(@text,'$')])[4] (tried for 10 second(s) with 500 milliseconds interval)
Build info: version: '4.25.0', revision: '8a8aea2337'
System info: os.name: 'Mac OS X', os.arch: 'aarch64', os.version: '26.1', java.version: '17.0.16'
Driver info: io.appium.java_client.android.AndroidDriver
Capabilities {appium:appActivity: com.swaglabsmobileapp.MainA..., appium:appPackage: com.swaglabsmobileapp, appium:automationName: UiAutomator2, appium:databaseEnabled: false, appium:desired: {appActivity: com.swaglabsmobileapp.MainA..., appPackage: com.swaglabsmobileapp, automationName: UiAutomator2, deviceName: emulator-5554, noReset: false, platformName: ANDROID}, appium:deviceApiLevel: 34, appium:deviceManufacturer: Google, appium:deviceModel: sdk_gphone64_arm64, appium:deviceName: emulator-5554, appium:deviceScreenDensity: 440, appium:deviceScreenSize: 1080x2220, appium:deviceUDID: emulator-5554, appium:javascriptEnabled: true, appium:locationContextEnabled: false, appium:networkConnectionEnabled: true, appium:noReset: false, appium:pixelRatio: 2.75, appium:platformVersion: 14, appium:statBarHeight: 66, appium:takesScreenshot: true, appium:viewportRect: {height: 2154, left: 0, top: 66, width: 1080}, appium:warnings: {}, appium:webStorageEnabled: false, platformName: ANDROID}
Session ID: af88d209-7f97-4467-a614-ace57e5eb9ba
at org.openqa.selenium.support.ui.WebDriverWait.timeoutException(WebDriverWait.java:84)
at org.openqa.selenium.support.ui.FluentWait.until(FluentWait.java:228)
at com.swanglabs.app.pages.Overviewpage.Overview(Overviewpage.java:41)
at com.swanglabs.app.tests.CheckoutWorkflow.getOrder(CheckoutWorkflow.java:135)
at java.base/jdk.internal.reflect.NativeMethodAccessorImpl.invoke0(Native Method)
at java.base/jdk.internal.reflect.NativeMethodAccessorImpl.invoke(NativeMethodAccessorImpl.java:77)
at java.base/jdk.internal.reflect.DelegatingMethodAccessorImpl.invoke(DelegatingMethodAccessorImpl.java:43)
at java.base/java.lang.reflect.Method.invoke(Method.java:569)
at org.testng.internal.invokers.MethodInvocationHelper.invokeMethod(MethodInvocationHelper.java:141)
at org.testng.internal.invokers.TestInvoker.invokeMethod(TestInvoker.java:687)
at org.testng.internal.invokers.TestInvoker.invokeTestMethod(TestInvoker.java:230)
at org.testng.internal.invokers.MethodRunner.runInSequence(MethodRunner.java:63)
at org.testng.internal.invokers.TestInvoker$MethodInvocationAgent.invoke(TestInvoker.java:995)
at org.testng.internal.invokers.TestInvoker.invokeTestMethods(TestInvoker.java:203)
at org.testng.internal.invokers.TestMethodWorker.invokeTestMethods(TestMethodWorker.java:154)
at org.testng.internal.invokers.TestMethodWorker.run(TestMethodWorker.java:134)
at java.base/java.util.ArrayList.forEach(ArrayList.java:1511)
at org.testng.TestRunner.privateRun(TestRunner.java:741)
at org.testng.TestRunner.run(TestRunner.java:616)
at org.testng.SuiteRunner.runTest(SuiteRunner.java:421)
at org.testng.SuiteRunner.runSequentially(SuiteRunner.java:413)
at org.testng.SuiteRunner.privateRun(SuiteRunner.java:373)
at org.testng.SuiteRunner.run(SuiteRunner.java:312)
at org.testng.SuiteRunnerWorker.runSuite(SuiteRunnerWorker.java:52)
at org.testng.SuiteRunnerWorker.run(SuiteRunnerWorker.java:95)
at org.testng.TestNG.runSuitesSequentially(TestNG.java:1274)
at org.testng.TestNG.runSuitesLocally(TestNG.java:1208)
at org.testng.TestNG.runSuites(TestNG.java:1112)
at org.testng.TestNG.run(TestNG.java:1079)
at org.testng.remote.AbstractRemoteTestNG.run(AbstractRemoteTestNG.java:115)
at org.testng.remote.RemoteTestNG.initAndRun(RemoteTestNG.java:293)
at org.testng.remote.RemoteTestNG.main(RemoteTestNG.java:91)
]]>
            </full-stacktrace>
          </exception> <!-- org.openqa.selenium.TimeoutException -->
          <reporter-output>
          </reporter-output>
        </test-method> <!-- getOrder -->
        <test-method signature="finishOrder()[pri:11, instance:com.swanglabs.app.tests.CheckoutWorkflow@5ffead27]" started-at="2025-11-17T23:01:14 EET" name="finishOrder" finished-at="2025-11-17T23:01:16 EET" duration-ms="1885" status="PASS">
          <reporter-output>
          </reporter-output>
        </test-method> <!-- finishOrder -->
        <test-method signature="checkoutComplete()[pri:12, instance:com.swanglabs.app.tests.CheckoutWorkflow@5ffead27]" started-at="2025-11-17T23:01:16 EET" name="checkoutComplete" finished-at="2025-11-17T23:01:17 EET" duration-ms="1022" status="PASS">
          <reporter-output>
          </reporter-output>
        </test-method> <!-- checkoutComplete -->
        <test-method is-config="true" signature="tearDown()[pri:0, instance:com.swanglabs.app.tests.CheckoutWorkflow@5ffead27]" started-at="2025-11-17T23:01:17 EET" name="tearDown" finished-at="2025-11-17T23:01:17 EET" duration-ms="708" status="PASS">
          <reporter-output>
          </reporter-output>
        </test-method> <!-- tearDown -->
      </class> <!-- com.swanglabs.app.tests.CheckoutWorkflow -->
    </test> <!-- Default test -->
  </suite> <!-- Default suite -->
</testng-results>
