<?xml version="1.0" encoding="UTF-8"?>
<testng-results ignored="0" total="1" passed="1" failed="0" skipped="0">
  <reporter-output>
  </reporter-output>
  <suite started-at="٢٠٢٥-١١-١٥T١٣:٢٢:٤٥ IST" name="Default suite" finished-at="٢٠٢٥-١١-١٥T١٣:٢٣:١٣ IST" duration-ms="27791">
    <groups>
    </groups>
    <test started-at="٢٠٢٥-١١-١٥T١٣:٢٢:٤٥ IST" name="Default test" finished-at="٢٠٢٥-١١-١٥T١٣:٢٣:١٣ IST" duration-ms="27791">
      <class name="com.swanglabs.app.tests.Sorting">
        <test-method is-config="true" signature="setUp()[pri:0, instance:com.swanglabs.app.tests.Sorting@9d5509a]" started-at="٢٠٢٥-١١-١٥T١٣:٢٢:٤٥ IST" name="setUp" finished-at="٢٠٢٥-١١-١٥T١٣:٢٢:٤٩ IST" duration-ms="4068" status="PASS">
          <reporter-output>
          </reporter-output>
        </test-method> <!-- setUp -->
        <test-method signature="testProductSortingAndDetails()[pri:0, instance:com.swanglabs.app.tests.Sorting@9d5509a]" started-at="٢٠٢٥-١١-١٥T١٣:٢٢:٤٩ IST" name="testProductSortingAndDetails" finished-at="٢٠٢٥-١١-١٥T١٣:٢٣:١٣ IST" duration-ms="23688" status="PASS">
          <reporter-output>
          </reporter-output>
        </test-method> <!-- testProductSortingAndDetails -->
        <test-method is-config="true" signature="tearDown(org.testng.ITestResult)[pri:0, instance:com.swanglabs.app.tests.Sorting@9d5509a]" started-at="٢٠٢٥-١١-١٥T١٣:٢٣:١٣ IST" name="tearDown" finished-at="٢٠٢٥-١١-١٥T١٣:٢٣:١٣ IST" duration-ms="1" status="PASS">
          <params>
            <param index="0">
              <value>
                <![CDATA[[TestResult name=testProductSortingAndDetails status=SUCCESS method=Sorting.testProductSortingAndDetails()[pri:0, instance:com.swanglabs.app.tests.Sorting@9d5509a] output={null}]]]>
              </value>
            </param>
          </params>
          <reporter-output>
          </reporter-output>
        </test-method> <!-- tearDown -->
      </class> <!-- com.swanglabs.app.tests.Sorting -->
    </test> <!-- Default test -->
  </suite> <!-- Default suite -->
</testng-results>
