<?xml version="1.0" encoding="UTF-8"?>
<testng-results ignored="0" total="1" passed="1" failed="0" skipped="0">
  <reporter-output>
  </reporter-output>
  <suite started-at="2025-11-13T18:00:48 EET" name="Default suite" finished-at="2025-11-13T18:01:06 EET" duration-ms="17200">
    <groups>
    </groups>
    <test started-at="2025-11-13T18:00:48 EET" name="Default test" finished-at="2025-11-13T18:01:06 EET" duration-ms="17200">
      <class name="com.swanglabs.app.tests.LoginTest">
        <test-method is-config="true" signature="setUp()[pri:0, instance:com.swanglabs.app.tests.LoginTest@6ae5aa72]" started-at="2025-11-13T18:00:48 EET" name="setUp" finished-at="2025-11-13T18:00:55 EET" duration-ms="7104" status="PASS">
          <reporter-output>
          </reporter-output>
        </test-method> <!-- setUp -->
        <test-method signature="validLogin_works()[pri:0, instance:com.swanglabs.app.tests.LoginTest@6ae5aa72]" started-at="2025-11-13T18:00:55 EET" name="validLogin_works" finished-at="2025-11-13T18:01:05 EET" duration-ms="9588" status="PASS">
          <reporter-output>
          </reporter-output>
        </test-method> <!-- validLogin_works -->
        <test-method is-config="true" signature="tearDown(org.testng.ITestResult)[pri:0, instance:com.swanglabs.app.tests.LoginTest@6ae5aa72]" started-at="2025-11-13T18:01:05 EET" name="tearDown" finished-at="2025-11-13T18:01:06 EET" duration-ms="481" status="PASS">
          <params>
            <param index="0">
              <value>
                <![CDATA[[TestResult name=validLogin_works status=SUCCESS method=LoginTest.validLogin_works()[pri:0, instance:com.swanglabs.app.tests.LoginTest@6ae5aa72] output={null}]]]>
              </value>
            </param>
          </params>
          <reporter-output>
          </reporter-output>
        </test-method> <!-- tearDown -->
      </class> <!-- com.swanglabs.app.tests.LoginTest -->
    </test> <!-- Default test -->
  </suite> <!-- Default suite -->
</testng-results>
